2019-01-05 07:53:52,981 +0530 [main] DEBUG (ParseFromFile.java:34) - Kishor, Trainer, kishorgn@gmail.com, 03-03-2003
Koushik, Student, koushikgn@gmail.com, 10-09-2010
Swathi, Teacher, swathi@gmail.com, 02-02-2002
2019-01-05 07:53:53,030 +0530 [main] DEBUG (ParseFromFile.java:41) - Person [name=Kishor, role= Trainer, email= kishorgn@gmail.com, dob=03-03-2003]
2019-01-05 07:53:53,031 +0530 [main] DEBUG (ParseFromFile.java:41) - Person [name=Koushik, role= Student, email= koushikgn@gmail.com, dob=10-09-2010]
2019-01-05 07:53:53,031 +0530 [main] DEBUG (ParseFromFile.java:41) - Person [name=Swathi, role= Teacher, email= swathi@gmail.com, dob=02-02-2002]
2019-01-05 07:56:23,897 +0530 [main] DEBUG (ParseFromFile.java:38) - Kishor, Trainer, kishorgn@gmail.com, 03-03-2003
Koushik, Student, koushikgn@gmail.com, 10-09-2010
Swathi, Teacher, swathi@gmail.com, 02-02-2002
2019-01-05 07:56:23,925 +0530 [main] DEBUG (ParseFromFile.java:49) - Person [name=Kishor, role= Trainer, email= kishorgn@gmail.com, dob=03-03-2003]
2019-01-05 07:56:41,366 +0530 [main] DEBUG (ParseFromFile.java:38) - Kishor, Trainer, kishorgn@gmail.com, 03-03-2003
Koushik, Student, koushikgn@gmail.com, 10-09-2010
Swathi, Teacher, swathi@gmail.com, 02-02-2002
2019-01-05 07:56:41,377 +0530 [main] DEBUG (ParseFromFile.java:49) - Person [name=Kishor, role= Trainer, email= kishorgn@gmail.com, dob=03-03-2003]
2019-01-05 07:56:41,609 +0530 [main] DEBUG (ParseFromFile.java:49) - Person [name=Koushik, role= Student, email= koushikgn@gmail.com, dob=10-09-2010]
2019-01-05 07:56:41,612 +0530 [main] DEBUG (ParseFromFile.java:49) - Person [name=Swathi, role= Teacher, email= swathi@gmail.com, dob=02-02-2002]
2019-01-05 09:44:01,173 +0530 [main] INFO  (ParseFromFile.java:46) - Kishor, Trainer, kishorgn@gmail.com, 03-03-2003
Koushik, Student, koushikgn@gmail.com, 10-09-2010
Swathi, Teacher, swathi@gmail.com, 02-02-2002
2019-01-05 09:44:01,179 +0530 [main] DEBUG (ParseFromFile.java:57) - Person [name=Kishor, role= Trainer, email= kishorgn@gmail.com, dob=03-03-2003]
2019-01-05 09:44:01,235 +0530 [main] DEBUG (ParseFromFile.java:57) - Person [name=Koushik, role= Student, email= koushikgn@gmail.com, dob=10-09-2010]
2019-01-05 09:44:01,236 +0530 [main] DEBUG (ParseFromFile.java:57) - Person [name=Swathi, role= Teacher, email= swathi@gmail.com, dob=02-02-2002]
2019-01-05 10:09:23,649 +0530 [main] DEBUG (DeserializeDemo.java:31) - Deserialized objects string : Kishor, Trainer, kishorgn@gmail.com,03-03-2003
Koushik, Student, koushikgn@gmail.com,10-09-2010
Swathi, Teacher, swathi@gmail.com,02-02-2002

2019-01-05 10:09:43,592 +0530 [main] DEBUG (DeserializeDemo.java:31) - Deserialized objects string : 
Kishor, Trainer, kishorgn@gmail.com,03-03-2003
Koushik, Student, koushikgn@gmail.com,10-09-2010
Swathi, Teacher, swathi@gmail.com,02-02-2002

2019-01-05 14:54:21,722 +0530 [main] ERROR (PersonProcessorTest1.java:44) - Exception 3 : java.io.InvalidClassException: com.ignite.bean.Person; local class incompatible: stream classdesc serialVersionUID = -3999267751962676300, local class serialVersionUID = 8623755737018549848
2019-01-05 14:57:19,801 +0530 [main] INFO  (ParseFromFile.java:46) - Kishor, Trainer, kishorgn@gmail.com, 03-03-2003
Koushik, Student, koushikgn@gmail.com, 10-09-2010
Swathi, Teacher, swathi@gmail.com, 02-02-2002
2019-01-05 14:57:19,809 +0530 [main] DEBUG (ParseFromFile.java:57) - Person [name=Kishor, role= Trainer, email= kishorgn@gmail.com, dob=03-03-2003]
2019-01-05 14:57:19,859 +0530 [main] DEBUG (ParseFromFile.java:57) - Person [name=Koushik, role= Student, email= koushikgn@gmail.com, dob=10-09-2010]
2019-01-05 14:57:19,861 +0530 [main] DEBUG (ParseFromFile.java:57) - Person [name=Swathi, role= Teacher, email= swathi@gmail.com, dob=02-02-2002]
